<?xml version="1.0" encoding="UTF-8"?>
<testsuite name="QueueTestCases" tests="1" skipped="0" failures="0" errors="0" timestamp="2020-10-30T17:10:41" hostname="PUNITP357093L" time="0.013">
  <properties/>
  <testcase name="given3Numbers_WhenAddedToQueue_ShouldPassResult" classname="QueueTestCases" time="0.013"/>
  <system-out><![CDATA[ Nodes:-> 56->30->70
]]></system-out>
  <system-err><![CDATA[]]></system-err>
</testsuite>
