<?xml version="1.0" encoding="UTF-8"?>
<testsuite name="StackTestCases" tests="1" skipped="0" failures="0" errors="0" timestamp="2020-10-30T16:43:03" hostname="PUNITP357093L" time="0.017">
  <properties/>
  <testcase name="given3Numbers_WhenAddedToStack_ShouldPassResult" classname="StackTestCases" time="0.017"/>
  <system-out><![CDATA[ Nodes:-> 56->30->70
]]></system-out>
  <system-err><![CDATA[]]></system-err>
</testsuite>
