<?xml version="1.0" encoding="UTF-8"?>
<testsuite name="LInkedListTestCases" tests="1" skipped="0" failures="0" errors="0" timestamp="2020-10-30T13:26:36" hostname="PUNITP357093L" time="0.014">
  <properties/>
  <testcase name="given3Numbers_WhenDeleteFirst_ShouldPassResult" classname="LInkedListTestCases" time="0.014"/>
  <system-out><![CDATA[MY Nodes:-> 30->70
]]></system-out>
  <system-err><![CDATA[]]></system-err>
</testsuite>
