<?xml version="1.0" encoding="UTF-8"?>
<testsuite name="QueueTestCases" tests="1" skipped="0" failures="0" errors="0" timestamp="2020-10-30T17:32:50" hostname="PUNITP357093L" time="0.006">
  <properties/>
  <testcase name="given3Numbers_WhenDequeue_ShouldPassResult" classname="QueueTestCases" time="0.006"/>
  <system-out><![CDATA[ Nodes:-> 70->30->56
 Nodes:-> 30->56
]]></system-out>
  <system-err><![CDATA[]]></system-err>
</testsuite>
