<?xml version="1.0" encoding="UTF-8"?>
<testsuite name="LInkedListTestCases" tests="1" skipped="0" failures="0" errors="0" timestamp="2020-10-30T14:46:15" hostname="PUNITP357093L" time="0.014">
  <properties/>
  <testcase name="providedLinkedList_WhenInsertProvidedNode_ShouldReturnTrue" classname="LInkedListTestCases" time="0.014"/>
  <system-out><![CDATA[MY Nodes:-> 56->30->40->70
]]></system-out>
  <system-err><![CDATA[]]></system-err>
</testsuite>
