<?xml version="1.0" encoding="UTF-8"?>
<testsuite name="LInkedListTestCases" tests="1" skipped="0" failures="0" errors="0" timestamp="2020-10-30T14:02:14" hostname="PUNITP357093L" time="0.019">
  <properties/>
  <testcase name="given3Number_searchForValue_shouldPassResult" classname="LInkedListTestCases" time="0.019"/>
  <system-out><![CDATA[MY Nodes:-> 70->30->56
]]></system-out>
  <system-err><![CDATA[]]></system-err>
</testsuite>
