<?xml version="1.0" encoding="UTF-8"?>
<testsuite name="MyHashMapTestCases" tests="1" skipped="0" failures="0" errors="0" timestamp="2020-11-01T13:07:53" hostname="PUNITP357093L" time="0.028">
  <properties/>
  <testcase name="givenSentence_whenAddedToList_shouldReturnWordFrequency" classname="MyHashMapTestCases" time="0.028"/>
  <system-out><![CDATA[MyHashMapNodes{MyLinkedListNodes{MyMapNode{K=toV =2}-->MyMapNode{K=beV =2}-->MyMapNode{K=orV =1}-->MyMapNode{K=notV =1}}}
]]></system-out>
  <system-err><![CDATA[]]></system-err>
</testsuite>
